# JRE version: OpenJDK Runtime Environment (8.0_392-b08) (build 1.8.0_392-b08)
# Java VM: OpenJDK 64-Bit Server VM (25.392-b08 mixed mode windows-amd64 compressed oops)
Heap:
 PSYoungGen      total 172544K, used 166142K [0x000000076b100000, 0x0000000778380000, 0x00000007c0000000)
  eden space 157184K, 95% used [0x000000076b100000,0x0000000774445040,0x0000000774a80000)
  from space 15360K, 99% used [0x0000000776180000,0x000000077707a9c0,0x0000000777080000)
  to   space 23552K, 0% used [0x0000000774a80000,0x0000000774a80000,0x0000000776180000)
 ParOldGen       total 110080K, used 26997K [0x00000006c1200000, 0x00000006c7d80000, 0x000000076b100000)
  object space 110080K, 24% used [0x00000006c1200000,0x00000006c2c5d4b0,0x00000006c7d80000)
 Metaspace       used 31483K, capacity 31723K, committed 32128K, reserved 1077248K
  class space    used 4056K, capacity 4136K, committed 4224K, reserved 1048576K
GC Heap History (10 events):
Event: 1.620 GC heap before
{Heap before GC invocations=3 (full 1):
 PSYoungGen      total 76288K, used 3808K [0x000000076b100000, 0x0000000770600000, 0x00000007c0000000)
  eden space 65536K, 0% used [0x000000076b100000,0x000000076b100000,0x000000076f100000)
  from space 10752K, 35% used [0x000000076fb80000,0x000000076ff38040,0x0000000770600000)
  to   space 10752K, 0% used [0x000000076f100000,0x000000076f100000,0x000000076fb80000)
 ParOldGen       total 175104K, used 80K [0x00000006c1200000, 0x00000006cbd00000, 0x000000076b100000)
  object space 175104K, 0% used [0x00000006c1200000,0x00000006c1214010,0x00000006cbd00000)
 Metaspace       used 21042K, capacity 21166K, committed 21248K, reserved 1067008K
  class space    used 2962K, capacity 2999K, committed 3072K, reserved 1048576K
Event: 1.632 GC heap after
Heap after GC invocations=3 (full 1):
 PSYoungGen      total 76288K, used 0K [0x000000076b100000, 0x0000000770600000, 0x00000007c0000000)
  eden space 65536K, 0% used [0x000000076b100000,0x000000076b100000,0x000000076f100000)
  from space 10752K, 0% used [0x000000076fb80000,0x000000076fb80000,0x0000000770600000)
  to   space 10752K, 0% used [0x000000076f100000,0x000000076f100000,0x000000076fb80000)
 ParOldGen       total 110080K, used 3623K [0x00000006c1200000, 0x00000006c7d80000, 0x000000076b100000)
  object space 110080K, 3% used [0x00000006c1200000,0x00000006c1589ef8,0x00000006c7d80000)
 Metaspace       used 21042K, capacity 21166K, committed 21248K, reserved 1067008K
  class space    used 2962K, capacity 2999K, committed 3072K, reserved 1048576K
}
Event: 2.327 GC heap before
{Heap before GC invocations=4 (full 1):
 PSYoungGen      total 76288K, used 65536K [0x000000076b100000, 0x0000000770600000, 0x00000007c0000000)
  eden space 65536K, 100% used [0x000000076b100000,0x000000076f100000,0x000000076f100000)
  from space 10752K, 0% used [0x000000076fb80000,0x000000076fb80000,0x0000000770600000)
  to   space 10752K, 0% used [0x000000076f100000,0x000000076f100000,0x000000076fb80000)
 ParOldGen       total 110080K, used 3623K [0x00000006c1200000, 0x00000006c7d80000, 0x000000076b100000)
  object space 110080K, 3% used [0x00000006c1200000,0x00000006c1589ef8,0x00000006c7d80000)
 Metaspace       used 26499K, capacity 26708K, committed 27136K, reserved 1073152K
  class space    used 3657K, capacity 3714K, committed 3840K, reserved 1048576K
Event: 2.334 GC heap after
Heap after GC invocations=4 (full 1):
 PSYoungGen      total 76288K, used 6024K [0x000000076b100000, 0x0000000772300000, 0x00000007c0000000)
  eden space 65536K, 0% used [0x000000076b100000,0x000000076b100000,0x000000076f100000)
  from space 10752K, 56% used [0x000000076f100000,0x000000076f6e2340,0x000000076fb80000)
  to   space 10752K, 0% used [0x0000000771880000,0x0000000771880000,0x0000000772300000)
 ParOldGen       total 110080K, used 13871K [0x00000006c1200000, 0x00000006c7d80000, 0x000000076b100000)
  object space 110080K, 12% used [0x00000006c1200000,0x00000006c1f8bf08,0x00000006c7d80000)
 Metaspace       used 26499K, capacity 26708K, committed 27136K, reserved 1073152K
  class space    used 3657K, capacity 3714K, committed 3840K, reserved 1048576K
}
Event: 2.459 GC heap before
{Heap before GC invocations=5 (full 1):
 PSYoungGen      total 76288K, used 71560K [0x000000076b100000, 0x0000000772300000, 0x00000007c0000000)
  eden space 65536K, 100% used [0x000000076b100000,0x000000076f100000,0x000000076f100000)
  from space 10752K, 56% used [0x000000076f100000,0x000000076f6e2340,0x000000076fb80000)
  to   space 10752K, 0% used [0x0000000771880000,0x0000000771880000,0x0000000772300000)
 ParOldGen       total 110080K, used 13871K [0x00000006c1200000, 0x00000006c7d80000, 0x000000076b100000)
  object space 110080K, 12% used [0x00000006c1200000,0x00000006c1f8bf08,0x00000006c7d80000)
 Metaspace       used 26504K, capacity 26708K, committed 27136K, reserved 1073152K
  class space    used 3657K, capacity 3714K, committed 3840K, reserved 1048576K
Event: 2.463 GC heap after
Heap after GC invocations=5 (full 1):
 PSYoungGen      total 105984K, used 9392K [0x000000076b100000, 0x0000000772e80000, 0x00000007c0000000)
  eden space 95232K, 0% used [0x000000076b100000,0x000000076b100000,0x0000000770e00000)
  from space 10752K, 87% used [0x0000000771880000,0x00000007721ac040,0x0000000772300000)
  to   space 10752K, 0% used [0x0000000770e00000,0x0000000770e00000,0x0000000771880000)
 ParOldGen       total 110080K, used 13879K [0x00000006c1200000, 0x00000006c7d80000, 0x000000076b100000)
  object space 110080K, 12% used [0x00000006c1200000,0x00000006c1f8df08,0x00000006c7d80000)
 Metaspace       used 26504K, capacity 26708K, committed 27136K, reserved 1073152K
  class space    used 3657K, capacity 3714K, committed 3840K, reserved 1048576K
}
Event: 2.606 GC heap before
{Heap before GC invocations=6 (full 1):
 PSYoungGen      total 105984K, used 104624K [0x000000076b100000, 0x0000000772e80000, 0x00000007c0000000)
  eden space 95232K, 100% used [0x000000076b100000,0x0000000770e00000,0x0000000770e00000)
  from space 10752K, 87% used [0x0000000771880000,0x00000007721ac040,0x0000000772300000)
  to   space 10752K, 0% used [0x0000000770e00000,0x0000000770e00000,0x0000000771880000)
 ParOldGen       total 110080K, used 13879K [0x00000006c1200000, 0x00000006c7d80000, 0x000000076b100000)
  object space 110080K, 12% used [0x00000006c1200000,0x00000006c1f8df08,0x00000006c7d80000)
 Metaspace       used 26517K, capacity 26772K, committed 27136K, reserved 1073152K
  class space    used 3659K, capacity 3714K, committed 3840K, reserved 1048576K
Event: 2.612 GC heap after
Heap after GC invocations=6 (full 1):
 PSYoungGen      total 105984K, used 10720K [0x000000076b100000, 0x0000000777080000, 0x00000007c0000000)
  eden space 95232K, 0% used [0x000000076b100000,0x000000076b100000,0x0000000770e00000)
  from space 10752K, 99% used [0x0000000770e00000,0x0000000771878030,0x0000000771880000)
  to   space 15360K, 0% used [0x0000000776180000,0x0000000776180000,0x0000000777080000)
 ParOldGen       total 110080K, used 18247K [0x00000006c1200000, 0x00000006c7d80000, 0x000000076b100000)
  object space 110080K, 16% used [0x00000006c1200000,0x00000006c23d1f08,0x00000006c7d80000)
 Metaspace       used 26517K, capacity 26772K, committed 27136K, reserved 1073152K
  class space    used 3659K, capacity 3714K, committed 3840K, reserved 1048576K
}
Event: 2.950 GC heap before
{Heap before GC invocations=7 (full 1):
 PSYoungGen      total 105984K, used 105952K [0x000000076b100000, 0x0000000777080000, 0x00000007c0000000)
  eden space 95232K, 100% used [0x000000076b100000,0x0000000770e00000,0x0000000770e00000)
  from space 10752K, 99% used [0x0000000770e00000,0x0000000771878030,0x0000000771880000)
  to   space 15360K, 0% used [0x0000000776180000,0x0000000776180000,0x0000000777080000)
 ParOldGen       total 110080K, used 18247K [0x00000006c1200000, 0x00000006c7d80000, 0x000000076b100000)
  object space 110080K, 16% used [0x00000006c1200000,0x00000006c23d1f08,0x00000006c7d80000)
 Metaspace       used 28254K, capacity 28478K, committed 28800K, reserved 1075200K
  class space    used 3801K, capacity 3877K, committed 3968K, reserved 1048576K
Event: 2.962 GC heap after
Heap after GC invocations=7 (full 1):
 PSYoungGen      total 172544K, used 15338K [0x000000076b100000, 0x0000000778380000, 0x00000007c0000000)
  eden space 157184K, 0% used [0x000000076b100000,0x000000076b100000,0x0000000774a80000)
  from space 15360K, 99% used [0x0000000776180000,0x000000077707a9c0,0x0000000777080000)
  to   space 23552K, 0% used [0x0000000774a80000,0x0000000774a80000,0x0000000776180000)
 ParOldGen       total 110080K, used 26997K [0x00000006c1200000, 0x00000006c7d80000, 0x000000076b100000)
  object space 110080K, 24% used [0x00000006c1200000,0x00000006c2c5d4b0,0x00000006c7d80000)
 Metaspace       used 28254K, capacity 28478K, committed 28800K, reserved 1075200K
  class space    used 3801K, capacity 3877K, committed 3968K, reserved 1048576K
}

